1650270741772	geckodriver	INFO	Listening on 127.0.0.1:50494
1650270744815	mozrunner::runner	INFO	Running command: "C:\\Program Files\\Mozilla Firefox\\firefox.exe" "--marionette" "start-maximized" "--remote-debugging-port" "9222" "--remote-allow-hosts" "localhost" "-no-remote" "-profile" "C:\\Users\\ADMIN3~1\\AppData\\Local\\Temp\\rust_mozprofileJlf0C6"
1650270745153	Marionette	INFO	Marionette enabled
console.warn: SearchSettings: "get: No settings file exists, new profile?" (new NotFoundError("Could not open the file at C:\\Users\\ADMIN3~1\\AppData\\Local\\Temp\\rust_mozprofileJlf0C6\\search.json.mozlz4", (void 0)))
DevTools listening on ws://localhost:9222/devtools/browser/3fd9f817-eb01-4dea-9b78-20ea3ba6c127
1650270746797	Marionette	INFO	Listening on port 50519
Read port: 50519
1650270746868	RemoteAgent	WARN	TLS certificate errors will be ignored for this session
console.warn: LoginRecipes: "getRecipes: falling back to a synchronous message for:" "https://accounts.google.com"
console.warn: LoginRecipes: "getRecipes: falling back to a synchronous message for:" "https://accounts.google.com"
JavaScript warning: https://accounts.google.com/ServiceLogin?service=youtube&uilel=3&passive=true&continue=https%3A%2F%2Fwww.youtube.com%2Fsignin%3Faction_handle_signin%3Dtrue%26app%3Ddesktop%26hl%3Den%26next%3Dhttps%253A%252F%252Fwww.youtube.com%252F&hl=en&ec=65620&flowName=GlifWebSignIn&flowEntry=ServiceLogin line 1 > eval line 1036 > eval line 1 > eval line 1 > eval, line 1: WEBGL_debug_renderer_info is deprecated in Firefox and will be removed. Please use RENDERER.
console.warn: LoginRecipes: "getRecipes: falling back to a synchronous message for:" "https://accounts.google.com"
JavaScript warning: https://accounts.google.com/ServiceLogin?service=youtube&uilel=3&passive=true&continue=https%3A%2F%2Fwww.youtube.com%2Fsignin%3Faction_handle_signin%3Dtrue%26app%3Ddesktop%26hl%3Den%26next%3Dhttps%253A%252F%252Fwww.youtube.com%252F&hl=en&ec=65620&flowName=GlifWebSignIn&flowEntry=ServiceLogin line 1 > eval line 878 > eval line 1 > eval line 1 > eval, line 1: WEBGL_debug_renderer_info is deprecated in Firefox and will be removed. Please use RENDERER.
1650270768060	Marionette	INFO	Stopped listening on port 50519
console.warn: TopSitesFeed: Failed to fetch data from Contile server: NetworkError when attempting to fetch resource.
JavaScript error: chrome://remote/content/marionette/cert.js, line 55: NS_ERROR_NOT_AVAILABLE: Component returned failure code: 0x80040111 (NS_ERROR_NOT_AVAILABLE) [nsICertOverrideService.setDisableAllSecurityChecksAndLetAttackersInterceptMyData]

###!!! [Parent][PGPUParent] Error: RunMessage(msgname=PGPU::Msg_ShutdownVR) Channel closing: too late to send/recv, messages will be lost

1650273143351	geckodriver	INFO	Listening on 127.0.0.1:54497
1650273146419	mozrunner::runner	INFO	Running command: "C:\\Program Files\\Mozilla Firefox\\firefox.exe" "--marionette" "start-maximized" "--remote-debugging-port" "9222" "--remote-allow-hosts" "localhost" "-no-remote" "-profile" "C:\\Users\\ADMIN3~1\\AppData\\Local\\Temp\\rust_mozprofilePLKHBJ"
1650273147160	Marionette	INFO	Marionette enabled
console.warn: SearchSettings: "get: No settings file exists, new profile?" (new NotFoundError("Could not open the file at C:\\Users\\ADMIN3~1\\AppData\\Local\\Temp\\rust_mozprofilePLKHBJ\\search.json.mozlz4", (void 0)))
DevTools listening on ws://localhost:9222/devtools/browser/95cbccf3-9352-49e0-bf1e-fd3e842da9fe
1650273149403	Marionette	INFO	Listening on port 54524
Read port: 54524
1650273149457	RemoteAgent	WARN	TLS certificate errors will be ignored for this session
console.warn: LoginRecipes: "getRecipes: falling back to a synchronous message for:" "https://accounts.google.com"
console.warn: LoginRecipes: "getRecipes: falling back to a synchronous message for:" "https://accounts.google.com"
JavaScript warning: https://accounts.google.com/ServiceLogin?service=youtube&uilel=3&passive=true&continue=https%3A%2F%2Fwww.youtube.com%2Fsignin%3Faction_handle_signin%3Dtrue%26app%3Ddesktop%26hl%3Den%26next%3Dhttps%253A%252F%252Fwww.youtube.com%252F&hl=en&ec=65620&flowName=GlifWebSignIn&flowEntry=ServiceLogin line 1 > eval line 3117 > eval line 1 > eval line 1 > eval, line 1: WEBGL_debug_renderer_info is deprecated in Firefox and will be removed. Please use RENDERER.
console.warn: LoginRecipes: "getRecipes: falling back to a synchronous message for:" "https://accounts.google.com"
console.warn: LoginRecipes: "getRecipes: falling back to a synchronous message for:" "https://accounts.google.com"
JavaScript warning: https://accounts.google.com/ServiceLogin?service=youtube&uilel=3&passive=true&continue=https%3A%2F%2Fwww.youtube.com%2Fsignin%3Faction_handle_signin%3Dtrue%26app%3Ddesktop%26hl%3Dvi%26next%3Dhttps%253A%252F%252Fwww.youtube.com%252F&hl=vi&ec=65620&flowName=GlifWebSignIn&flowEntry=ServiceLogin line 1 > eval line 7785 > eval line 1 > eval line 1 > eval, line 1: WEBGL_debug_renderer_info is deprecated in Firefox and will be removed. Please use RENDERER.
console.warn: LoginRecipes: "getRecipes: falling back to a synchronous message for:" "https://accounts.google.com"
console.warn: LoginRecipes: "getRecipes: falling back to a synchronous message for:" "https://accounts.google.com"
JavaScript warning: https://accounts.google.com/ServiceLogin?hl=vi&passive=true&continue=https://www.google.com.vn/%3Fhl%3Dvi&ec=GAZAmgQ line 1 > eval line 851 > eval line 1 > eval line 1 > eval, line 1: WEBGL_debug_renderer_info is deprecated in Firefox and will be removed. Please use RENDERER.
console.warn: LoginRecipes: "getRecipes: falling back to a synchronous message for:" "https://www.google.com"
console.warn: LoginRecipes: "getRecipes: falling back to a synchronous message for:" "https://www.google.com"
console.warn: LoginRecipes: "getRecipes: falling back to a synchronous message for:" "https://www.google.com"
1650273220960	Marionette	WARN	Ignoring event 'pageshow' because document has an invalid readyState of 'uninitialized'.
[2022-04-18T09:13:41Z ERROR mp4parse] Found 2 nul bytes in "\u{0}\u{0}"
[2022-04-18T09:13:41Z ERROR mp4parse] Found 2 nul bytes in "\u{0}\u{0}"
[2022-04-18T09:13:41Z ERROR mp4parse] Found 2 nul bytes in "\u{0}\u{0}"
[2022-04-18T09:13:41Z ERROR mp4parse] Found 2 nul bytes in "\u{0}\u{0}"
console.warn: LoginRecipes: "getRecipes: falling back to a synchronous message for:" "https://www.youtube.com"
1650273232830	geckodriver	INFO	Listening on 127.0.0.1:63198
1650273235869	mozrunner::runner	INFO	Running command: "C:\\Program Files\\Mozilla Firefox\\firefox.exe" "--marionette" "start-maximized" "--remote-debugging-port" "9222" "--remote-allow-hosts" "localhost" "-no-remote" "-profile" "C:\\Users\\ADMIN3~1\\AppData\\Local\\Temp\\rust_mozprofilea9m2J9"
1650273236325	Marionette	INFO	Marionette enabled
console.warn: SearchSettings: "get: No settings file exists, new profile?" (new NotFoundError("Could not open the file at C:\\Users\\ADMIN3~1\\AppData\\Local\\Temp\\rust_mozprofilea9m2J9\\search.json.mozlz4", (void 0)))
DevTools listening on ws://localhost:9222/devtools/browser/67dcc714-874c-47b3-bdeb-bf6fd59c8614
1650273238311	Marionette	INFO	Listening on port 56268
Read port: 56268
1650273238411	RemoteAgent	WARN	TLS certificate errors will be ignored for this session
console.warn: LoginRecipes: "getRecipes: falling back to a synchronous message for:" "https://accounts.google.com"
console.warn: LoginRecipes: "getRecipes: falling back to a synchronous message for:" "https://accounts.google.com"
JavaScript warning: https://accounts.google.com/ServiceLogin?hl=vi&passive=true&continue=https%3A%2F%2Fwww.google.com.vn%2F%3Fhl%3Dvi&ec=GAZAmgQ&flowName=GlifWebSignIn&flowEntry=ServiceLogin line 1 > eval line 4103 > eval line 1 > eval line 1 > eval, line 1: WEBGL_debug_renderer_info is deprecated in Firefox and will be removed. Please use RENDERER.
1650273257704	Marionette	INFO	Stopped listening on port 56268
console.warn: TopSitesFeed: Failed to fetch data from Contile server: NetworkError when attempting to fetch resource.
JavaScript error: chrome://remote/content/marionette/cert.js, line 55: NS_ERROR_NOT_AVAILABLE: Component returned failure code: 0x80040111 (NS_ERROR_NOT_AVAILABLE) [nsICertOverrideService.setDisableAllSecurityChecksAndLetAttackersInterceptMyData]
